main.obj : error LNK2001: unresolved external symbol "__declspec(dllimport) public: int __cdecl QTabWidget::addTab(class QWidget *,class QString const &)" (__imp_?addTab@QTabWidget@@QEAAHPEAVQWidget@@AEBVQString@@@Z)
main.obj : error LNK2001: unresolved external symbol "__declspec(dllimport) protected: virtual void __cdecl QObject::disconnectNotify(class QMetaMethod const &)" (__imp_?disconnectNotify@QObject@@MEAAXAEBVQMetaMethod@@@Z)
main.obj : error LNK2001: unresolved external symbol "__declspec(dllimport) protected: virtual void __cdecl QObject::connectNotify(class QMetaMethod const &)" (__imp_?connectNotify@QObject@@MEAAXAEBVQMetaMethod@@@Z)
main.obj : error LNK2001: unresolved external symbol "__declspec(dllimport) protected: virtual void __cdecl QObject::customEvent(class QEvent *)" (__imp_?customEvent@QObject@@MEAAXPEAVQEvent@@@Z)
main.obj : error LNK2001: unresolved external symbol "__declspec(dllimport) protected: virtual void __cdecl QObject::childEvent(class QChildEvent *)" (__imp_?childEvent@QObject@@MEAAXPEAVQChildEvent@@@Z)
main.obj : error LNK2001: unresolved external symbol "__declspec(dllimport) public: virtual bool __cdecl QObject::eventFilter(class QObject *,class QEvent *)" (__imp_?eventFilter@QObject@@UEAA_NPEAV1@PEAVQEvent@@@Z)
main.obj : error LNK2001: unresolved external symbol "__declspec(dllimport) protected: virtual void __cdecl QPushButton::focusOutEvent(class QFocusEvent *)" (__imp_?focusOutEvent@QPushButton@@MEAAXPEAVQFocusEvent@@@Z)
main.obj : error LNK2001: unresolved external symbol "__declspec(dllimport) protected: virtual void __cdecl QPushButton::focusInEvent(class QFocusEvent *)" (__imp_?focusInEvent@QPushButton@@MEAAXPEAVQFocusEvent@@@Z)
main.obj : error LNK2001: unresolved external symbol "__declspec(dllimport) protected: virtual void __cdecl QPushButton::keyPressEvent(class QKeyEvent *)" (__imp_?keyPressEvent@QPushButton@@MEAAXPEAVQKeyEvent@@@Z)
main.obj : error LNK2001: unresolved external symbol "__declspec(dllimport) protected: virtual void __cdecl QPushButton::paintEvent(class QPaintEvent *)" (__imp_?paintEvent@QPushButton@@MEAAXPEAVQPaintEvent@@@Z)
main.obj : error LNK2001: unresolved external symbol "__declspec(dllimport) protected: virtual bool __cdecl QPushButton::event(class QEvent *)" (__imp_?event@QPushButton@@MEAA_NPEAVQEvent@@@Z)
main.obj : error LNK2001: unresolved external symbol "__declspec(dllimport) public: virtual class QSize __cdecl QPushButton::minimumSizeHint(void)const " (__imp_?minimumSizeHint@QPushButton@@UEBA?AVQSize@@XZ)
main.obj : error LNK2001: unresolved external symbol "__declspec(dllimport) public: virtual class QSize __cdecl QPushButton::sizeHint(void)const " (__imp_?sizeHint@QPushButton@@UEBA?AVQSize@@XZ)
main.obj : error LNK2001: unresolved external symbol "__declspec(dllimport) public: virtual __cdecl QPushButton::~QPushButton(void)" (__imp_??1QPushButton@@UEAA@XZ)
main.obj : error LNK2001: unresolved external symbol "__declspec(dllimport) public: __cdecl QPushButton::QPushButton(class QString const &,class QWidget *)" (__imp_??0QPushButton@@QEAA@AEBVQString@@PEAVQWidget@@@Z)
main.obj : error LNK2001: unresolved external symbol "__declspec(dllimport) public: virtual int __cdecl QPushButton::qt_metacall(enum QMetaObject::Call,int,void * *)" (__imp_?qt_metacall@QPushButton@@UEAAHW4Call@QMetaObject@@HPEAPEAX@Z)
main.obj : error LNK2001: unresolved external symbol "__declspec(dllimport) public: virtual void * __cdecl QPushButton::qt_metacast(char const *)" (__imp_?qt_metacast@QPushButton@@UEAAPEAXPEBD@Z)
main.obj : error LNK2001: unresolved external symbol "__declspec(dllimport) public: virtual struct QMetaObject const * __cdecl QPushButton::metaObject(void)const " (__imp_?metaObject@QPushButton@@UEBAPEBUQMetaObject@@XZ)
main.obj : error LNK2001: unresolved external symbol "__declspec(dllimport) protected: virtual void __cdecl QAbstractButton::timerEvent(class QTimerEvent *)" (__imp_?timerEvent@QAbstractButton@@MEAAXPEAVQTimerEvent@@@Z)
main.obj : error LNK2001: unresolved external symbol "__declspec(dllimport) protected: virtual void __cdecl QAbstractButton::changeEvent(class QEvent *)" (__imp_?changeEvent@QAbstractButton@@MEAAXPEAVQEvent@@@Z)
main.obj : error LNK2001: unresolved external symbol "__declspec(dllimport) protected: virtual void __cdecl QAbstractButton::mouseMoveEvent(class QMouseEvent *)" (__imp_?mouseMoveEvent@QAbstractButton@@MEAAXPEAVQMouseEvent@@@Z)
main.obj : error LNK2001: unresolved external symbol "__declspec(dllimport) protected: virtual void __cdecl QAbstractButton::mouseReleaseEvent(class QMouseEvent *)" (__imp_?mouseReleaseEvent@QAbstractButton@@MEAAXPEAVQMouseEvent@@@Z)
main.obj : error LNK2001: unresolved external symbol "__declspec(dllimport) protected: virtual void __cdecl QAbstractButton::mousePressEvent(class QMouseEvent *)" (__imp_?mousePressEvent@QAbstractButton@@MEAAXPEAVQMouseEvent@@@Z)
main.obj : error LNK2001: unresolved external symbol "__declspec(dllimport) protected: virtual void __cdecl QAbstractButton::keyReleaseEvent(class QKeyEvent *)" (__imp_?keyReleaseEvent@QAbstractButton@@MEAAXPEAVQKeyEvent@@@Z)
main.obj : error LNK2001: unresolved external symbol "__declspec(dllimport) protected: virtual void __cdecl QAbstractButton::nextCheckState(void)" (__imp_?nextCheckState@QAbstractButton@@MEAAXXZ)
main.obj : error LNK2001: unresolved external symbol "__declspec(dllimport) protected: virtual void __cdecl QAbstractButton::checkStateSet(void)" (__imp_?checkStateSet@QAbstractButton@@MEAAXXZ)
main.obj : error LNK2001: unresolved external symbol "__declspec(dllimport) protected: virtual bool __cdecl QAbstractButton::hitButton(class QPoint const &)const " (__imp_?hitButton@QAbstractButton@@MEBA_NAEBVQPoint@@@Z)
main.obj : error LNK2001: unresolved external symbol "__declspec(dllimport) public: static int __cdecl QApplication::exec(void)" (__imp_?exec@QApplication@@SAHXZ)
main.obj : error LNK2001: unresolved external symbol "__declspec(dllimport) public: virtual __cdecl QApplication::~QApplication(void)" (__imp_??1QApplication@@UEAA@XZ)
main.obj : error LNK2001: unresolved external symbol "__declspec(dllimport) public: __cdecl QApplication::QApplication(int &,char * *,int)" (__imp_??0QApplication@@QEAA@AEAHPEAPEADH@Z)
main.obj : error LNK2001: unresolved external symbol "__declspec(dllimport) protected: virtual bool __cdecl QWidget::focusNextPrevChild(bool)" (__imp_?focusNextPrevChild@QWidget@@MEAA_N_N@Z)
main.obj : error LNK2001: unresolved external symbol "__declspec(dllimport) public: virtual class QVariant __cdecl QWidget::inputMethodQuery(enum Qt::InputMethodQuery)const " (__imp_?inputMethodQuery@QWidget@@UEBA?AVQVariant@@W4InputMethodQuery@Qt@@@Z)
main.obj : error LNK2001: unresolved external symbol "__declspec(dllimport) protected: virtual void __cdecl QWidget::inputMethodEvent(class QInputMethodEvent *)" (__imp_?inputMethodEvent@QWidget@@MEAAXPEAVQInputMethodEvent@@@Z)
main.obj : error LNK2001: unresolved external symbol "__declspec(dllimport) protected: virtual class QPainter * __cdecl QWidget::sharedPainter(void)const " (__imp_?sharedPainter@QWidget@@MEBAPEAVQPainter@@XZ)
main.obj : error LNK2001: unresolved external symbol "__declspec(dllimport) protected: virtual class QPaintDevice * __cdecl QWidget::redirected(class QPoint *)const " (__imp_?redirected@QWidget@@MEBAPEAVQPaintDevice@@PEAVQPoint@@@Z)
main.obj : error LNK2001: unresolved external symbol "__declspec(dllimport) protected: virtual void __cdecl QWidget::initPainter(class QPainter *)const " (__imp_?initPainter@QWidget@@MEBAXPEAVQPainter@@@Z)
main.obj : error LNK2001: unresolved external symbol "__declspec(dllimport) protected: virtual int __cdecl QWidget::metric(enum QPaintDevice::PaintDeviceMetric)const " (__imp_?metric@QWidget@@MEBAHW4PaintDeviceMetric@QPaintDevice@@@Z)
main.obj : error LNK2001: unresolved external symbol "__declspec(dllimport) protected: virtual bool __cdecl QWidget::nativeEvent(class QByteArray const &,void *,long *)" (__imp_?nativeEvent@QWidget@@MEAA_NAEBVQByteArray@@PEAXPEAJ@Z)
main.obj : error LNK2001: unresolved external symbol "__declspec(dllimport) protected: virtual void __cdecl QWidget::hideEvent(class QHideEvent *)" (__imp_?hideEvent@QWidget@@MEAAXPEAVQHideEvent@@@Z)
main.obj : error LNK2001: unresolved external symbol "__declspec(dllimport) protected: virtual void __cdecl QWidget::showEvent(class QShowEvent *)" (__imp_?showEvent@QWidget@@MEAAXPEAVQShowEvent@@@Z)
main.obj : error LNK2001: unresolved external symbol "__declspec(dllimport) protected: virtual void __cdecl QWidget::dropEvent(class QDropEvent *)" (__imp_?dropEvent@QWidget@@MEAAXPEAVQDropEvent@@@Z)
main.obj : error LNK2001: unresolved external symbol "__declspec(dllimport) protected: virtual void __cdecl QWidget::dragLeaveEvent(class QDragLeaveEvent *)" (__imp_?dragLeaveEvent@QWidget@@MEAAXPEAVQDragLeaveEvent@@@Z)
main.obj : error LNK2001: unresolved external symbol "__declspec(dllimport) protected: virtual void __cdecl QWidget::dragMoveEvent(class QDragMoveEvent *)" (__imp_?dragMoveEvent@QWidget@@MEAAXPEAVQDragMoveEvent@@@Z)
main.obj : error LNK2001: unresolved external symbol "__declspec(dllimport) protected: virtual void __cdecl QWidget::dragEnterEvent(class QDragEnterEvent *)" (__imp_?dragEnterEvent@QWidget@@MEAAXPEAVQDragEnterEvent@@@Z)
main.obj : error LNK2001: unresolved external symbol "__declspec(dllimport) protected: virtual void __cdecl QWidget::actionEvent(class QActionEvent *)" (__imp_?actionEvent@QWidget@@MEAAXPEAVQActionEvent@@@Z)
main.obj : error LNK2001: unresolved external symbol "__declspec(dllimport) protected: virtual void __cdecl QWidget::tabletEvent(class QTabletEvent *)" (__imp_?tabletEvent@QWidget@@MEAAXPEAVQTabletEvent@@@Z)
main.obj : error LNK2001: unresolved external symbol "__declspec(dllimport) protected: virtual void __cdecl QWidget::contextMenuEvent(class QContextMenuEvent *)" (__imp_?contextMenuEvent@QWidget@@MEAAXPEAVQContextMenuEvent@@@Z)
main.obj : error LNK2001: unresolved external symbol "__declspec(dllimport) protected: virtual void __cdecl QWidget::closeEvent(class QCloseEvent *)" (__imp_?closeEvent@QWidget@@MEAAXPEAVQCloseEvent@@@Z)
main.obj : error LNK2001: unresolved external symbol "__declspec(dllimport) protected: virtual void __cdecl QWidget::resizeEvent(class QResizeEvent *)" (__imp_?resizeEvent@QWidget@@MEAAXPEAVQResizeEvent@@@Z)
main.obj : error LNK2001: unresolved external symbol "__declspec(dllimport) protected: virtual void __cdecl QWidget::moveEvent(class QMoveEvent *)" (__imp_?moveEvent@QWidget@@MEAAXPEAVQMoveEvent@@@Z)
main.obj : error LNK2001: unresolved external symbol "__declspec(dllimport) protected: virtual void __cdecl QWidget::leaveEvent(class QEvent *)" (__imp_?leaveEvent@QWidget@@MEAAXPEAVQEvent@@@Z)
main.obj : error LNK2001: unresolved external symbol "__declspec(dllimport) protected: virtual void __cdecl QWidget::enterEvent(class QEvent *)" (__imp_?enterEvent@QWidget@@MEAAXPEAVQEvent@@@Z)
main.obj : error LNK2001: unresolved external symbol "__declspec(dllimport) protected: virtual void __cdecl QWidget::wheelEvent(class QWheelEvent *)" (__imp_?wheelEvent@QWidget@@MEAAXPEAVQWheelEvent@@@Z)
main.obj : error LNK2001: unresolved external symbol "__declspec(dllimport) protected: virtual void __cdecl QWidget::mouseDoubleClickEvent(class QMouseEvent *)" (__imp_?mouseDoubleClickEvent@QWidget@@MEAAXPEAVQMouseEvent@@@Z)
main.obj : error LNK2001: unresolved external symbol "__declspec(dllimport) public: virtual class QPaintEngine * __cdecl QWidget::paintEngine(void)const " (__imp_?paintEngine@QWidget@@UEBAPEAVQPaintEngine@@XZ)
main.obj : error LNK2001: unresolved external symbol "__declspec(dllimport) public: virtual bool __cdecl QWidget::hasHeightForWidth(void)const " (__imp_?hasHeightForWidth@QWidget@@UEBA_NXZ)
main.obj : error LNK2001: unresolved external symbol "__declspec(dllimport) public: virtual int __cdecl QWidget::heightForWidth(int)const " (__imp_?heightForWidth@QWidget@@UEBAHH@Z)
main.obj : error LNK2001: unresolved external symbol "__declspec(dllimport) public: void __cdecl QWidget::show(void)" (__imp_?show@QWidget@@QEAAXXZ)
main.obj : error LNK2001: unresolved external symbol "__declspec(dllimport) public: virtual void __cdecl QWidget::setVisible(bool)" (__imp_?setVisible@QWidget@@UEAAX_N@Z)
main.obj : error LNK2001: unresolved external symbol "__declspec(dllimport) public: virtual int __cdecl QWidget::devType(void)const " (__imp_?devType@QWidget@@UEBAHXZ)
main.obj : error LNK2001: unresolved external symbol "__declspec(dllimport) public: __cdecl QString::~QString(void)" (__imp_??1QString@@QEAA@XZ)
main.obj : error LNK2001: unresolved external symbol "__declspec(dllimport) public: __cdecl QString::QString(char const *)" (__imp_??0QString@@QEAA@PEBD@Z)
qribbon.obj : error LNK2001: unresolved external symbol "__declspec(dllimport) protected: virtual bool __cdecl QTabWidget::event(class QEvent *)" (__imp_?event@QTabWidget@@MEAA_NPEAVQEvent@@@Z)
qribbon.obj : error LNK2001: unresolved external symbol "__declspec(dllimport) protected: virtual void __cdecl QTabWidget::changeEvent(class QEvent *)" (__imp_?changeEvent@QTabWidget@@MEAAXPEAVQEvent@@@Z)
qribbon.obj : error LNK2001: unresolved external symbol "__declspec(dllimport) protected: virtual void __cdecl QTabWidget::paintEvent(class QPaintEvent *)" (__imp_?paintEvent@QTabWidget@@MEAAXPEAVQPaintEvent@@@Z)
qribbon.obj : error LNK2001: unresolved external symbol "__declspec(dllimport) protected: virtual void __cdecl QTabWidget::keyPressEvent(class QKeyEvent *)" (__imp_?keyPressEvent@QTabWidget@@MEAAXPEAVQKeyEvent@@@Z)
qribbon.obj : error LNK2001: unresolved external symbol "__declspec(dllimport) protected: virtual void __cdecl QTabWidget::resizeEvent(class QResizeEvent *)" (__imp_?resizeEvent@QTabWidget@@MEAAXPEAVQResizeEvent@@@Z)
qribbon.obj : error LNK2001: unresolved external symbol "__declspec(dllimport) protected: virtual void __cdecl QTabWidget::showEvent(class QShowEvent *)" (__imp_?showEvent@QTabWidget@@MEAAXPEAVQShowEvent@@@Z)
qribbon.obj : error LNK2001: unresolved external symbol "__declspec(dllimport) protected: virtual void __cdecl QTabWidget::tabRemoved(int)" (__imp_?tabRemoved@QTabWidget@@MEAAXH@Z)
qribbon.obj : error LNK2001: unresolved external symbol "__declspec(dllimport) protected: virtual void __cdecl QTabWidget::tabInserted(int)" (__imp_?tabInserted@QTabWidget@@MEAAXH@Z)
qribbon.obj : error LNK2001: unresolved external symbol "__declspec(dllimport) public: virtual bool __cdecl QTabWidget::hasHeightForWidth(void)const " (__imp_?hasHeightForWidth@QTabWidget@@UEBA_NXZ)
qribbon.obj : error LNK2001: unresolved external symbol "__declspec(dllimport) public: virtual int __cdecl QTabWidget::heightForWidth(int)const " (__imp_?heightForWidth@QTabWidget@@UEBAHH@Z)
qribbon.obj : error LNK2001: unresolved external symbol "__declspec(dllimport) public: virtual class QSize __cdecl QTabWidget::minimumSizeHint(void)const " (__imp_?minimumSizeHint@QTabWidget@@UEBA?AVQSize@@XZ)
qribbon.obj : error LNK2001: unresolved external symbol "__declspec(dllimport) public: virtual class QSize __cdecl QTabWidget::sizeHint(void)const " (__imp_?sizeHint@QTabWidget@@UEBA?AVQSize@@XZ)
qribbon.obj : error LNK2001: unresolved external symbol "__declspec(dllimport) public: virtual __cdecl QTabWidget::~QTabWidget(void)" (__imp_??1QTabWidget@@UEAA@XZ)
qribbon.obj : error LNK2001: unresolved external symbol "__declspec(dllimport) public: __cdecl QTabWidget::QTabWidget(class QWidget *)" (__imp_??0QTabWidget@@QEAA@PEAVQWidget@@@Z)
qribbon.obj : error LNK2001: unresolved external symbol "__declspec(dllimport) protected: virtual void __cdecl QObject::timerEvent(class QTimerEvent *)" (__imp_?timerEvent@QObject@@MEAAXPEAVQTimerEvent@@@Z)
qribbon.obj : error LNK2001: unresolved external symbol "public: virtual int __cdecl QRibbon::qt_metacall(enum QMetaObject::Call,int,void * *)" (?qt_metacall@QRibbon@@UEAAHW4Call@QMetaObject@@HPEAPEAX@Z)
qribbon.obj : error LNK2001: unresolved external symbol "public: virtual void * __cdecl QRibbon::qt_metacast(char const *)" (?qt_metacast@QRibbon@@UEAAPEAXPEBD@Z)
qribbon.obj : error LNK2001: unresolved external symbol "public: virtual struct QMetaObject const * __cdecl QRibbon::metaObject(void)const " (?metaObject@QRibbon@@UEBAPEBUQMetaObject@@XZ)
qribbon.obj : error LNK2001: unresolved external symbol "__declspec(dllimport) public: virtual bool __cdecl QFile::open(class QFlags<enum QIODevice::OpenModeFlag>)" (__imp_?open@QFile@@UEAA_NV?$QFlags@W4OpenModeFlag@QIODevice@@@@@Z)
qribbon.obj : error LNK2001: unresolved external symbol "__declspec(dllimport) public: virtual __cdecl QFile::~QFile(void)" (__imp_??1QFile@@UEAA@XZ)
qribbon.obj : error LNK2001: unresolved external symbol "__declspec(dllimport) public: __cdecl QFile::QFile(class QString const &)" (__imp_??0QFile@@QEAA@AEBVQString@@@Z)
qribbon.obj : error LNK2001: unresolved external symbol "__declspec(dllimport) public: class QByteArray __cdecl QIODevice::readAll(void)" (__imp_?readAll@QIODevice@@QEAA?AVQByteArray@@XZ)
qribbon.obj : error LNK2001: unresolved external symbol "__declspec(dllimport) protected: virtual void __cdecl QWidget::focusOutEvent(class QFocusEvent *)" (__imp_?focusOutEvent@QWidget@@MEAAXPEAVQFocusEvent@@@Z)
qribbon.obj : error LNK2001: unresolved external symbol "__declspec(dllimport) protected: virtual void __cdecl QWidget::focusInEvent(class QFocusEvent *)" (__imp_?focusInEvent@QWidget@@MEAAXPEAVQFocusEvent@@@Z)
qribbon.obj : error LNK2001: unresolved external symbol "__declspec(dllimport) protected: virtual void __cdecl QWidget::keyReleaseEvent(class QKeyEvent *)" (__imp_?keyReleaseEvent@QWidget@@MEAAXPEAVQKeyEvent@@@Z)
qribbon.obj : error LNK2001: unresolved external symbol "__declspec(dllimport) protected: virtual void __cdecl QWidget::mouseMoveEvent(class QMouseEvent *)" (__imp_?mouseMoveEvent@QWidget@@MEAAXPEAVQMouseEvent@@@Z)
qribbon.obj : error LNK2001: unresolved external symbol "__declspec(dllimport) protected: virtual void __cdecl QWidget::mouseReleaseEvent(class QMouseEvent *)" (__imp_?mouseReleaseEvent@QWidget@@MEAAXPEAVQMouseEvent@@@Z)
qribbon.obj : error LNK2001: unresolved external symbol "__declspec(dllimport) protected: virtual void __cdecl QWidget::mousePressEvent(class QMouseEvent *)" (__imp_?mousePressEvent@QWidget@@MEAAXPEAVQMouseEvent@@@Z)
qribbon.obj : error LNK2001: unresolved external symbol "__declspec(dllimport) public: void __cdecl QWidget::setStyleSheet(class QString const &)" (__imp_?setStyleSheet@QWidget@@QEAAXAEBVQString@@@Z)
qribbon.obj : error LNK2001: unresolved external symbol "__declspec(dllimport) public: void __cdecl QWidget::setFixedHeight(int)" (__imp_?setFixedHeight@QWidget@@QEAAXH@Z)
qribbon.obj : error LNK2001: unresolved external symbol "__declspec(dllimport) public: __cdecl QString::QString(class QLatin1String)" (__imp_??0QString@@QEAA@VQLatin1String@@@Z)
qribbon.obj : error LNK2001: unresolved external symbol "__declspec(dllimport) public: char const * __cdecl QByteArray::constData(void)const " (__imp_?constData@QByteArray@@QEBAPEBDXZ)
qribbon.obj : error LNK2001: unresolved external symbol "__declspec(dllimport) public: int __cdecl QByteArray::size(void)const " (__imp_?size@QByteArray@@QEBAHXZ)
qribbon.obj : error LNK2001: unresolved external symbol "__declspec(dllimport) public: __cdecl QByteArray::~QByteArray(void)" (__imp_??1QByteArray@@QEAA@XZ)
qribbongroup.obj : error LNK2001: unresolved external symbol "__declspec(dllimport) public: virtual __cdecl QVBoxLayout::~QVBoxLayout(void)" (__imp_??1QVBoxLayout@@UEAA@XZ)
qribbongroup.obj : error LNK2001: unresolved external symbol "__declspec(dllimport) public: __cdecl QVBoxLayout::QVBoxLayout(void)" (__imp_??0QVBoxLayout@@QEAA@XZ)
qribbongroup.obj : error LNK2001: unresolved external symbol "__declspec(dllimport) public: virtual int __cdecl QVBoxLayout::qt_metacall(enum QMetaObject::Call,int,void * *)" (__imp_?qt_metacall@QVBoxLayout@@UEAAHW4Call@QMetaObject@@HPEAPEAX@Z)
qribbongroup.obj : error LNK2001: unresolved external symbol "__declspec(dllimport) public: virtual void * __cdecl QVBoxLayout::qt_metacast(char const *)" (__imp_?qt_metacast@QVBoxLayout@@UEAAPEAXPEBD@Z)
qribbongroup.obj : error LNK2001: unresolved external symbol "__declspec(dllimport) public: virtual struct QMetaObject const * __cdecl QVBoxLayout::metaObject(void)const " (__imp_?metaObject@QVBoxLayout@@UEBAPEBUQMetaObject@@XZ)
qribbongroup.obj : error LNK2001: unresolved external symbol "__declspec(dllimport) public: virtual void __cdecl QBoxLayout::setGeometry(class QRect const &)" (__imp_?setGeometry@QBoxLayout@@UEAAXAEBVQRect@@@Z)
qribbongroup.obj : error LNK2001: unresolved external symbol "__declspec(dllimport) public: virtual int __cdecl QBoxLayout::count(void)const " (__imp_?count@QBoxLayout@@UEBAHXZ)
qribbongroup.obj : error LNK2001: unresolved external symbol "__declspec(dllimport) public: virtual class QLayoutItem * __cdecl QBoxLayout::takeAt(int)" (__imp_?takeAt@QBoxLayout@@UEAAPEAVQLayoutItem@@H@Z)
qribbongroup.obj : error LNK2001: unresolved external symbol "__declspec(dllimport) public: virtual class QLayoutItem * __cdecl QBoxLayout::itemAt(int)const " (__imp_?itemAt@QBoxLayout@@UEBAPEAVQLayoutItem@@H@Z)
qribbongroup.obj : error LNK2001: unresolved external symbol "__declspec(dllimport) public: virtual void __cdecl QBoxLayout::invalidate(void)" (__imp_?invalidate@QBoxLayout@@UEAAXXZ)
qribbongroup.obj : error LNK2001: unresolved external symbol "__declspec(dllimport) public: virtual class QFlags<enum Qt::Orientation> __cdecl QBoxLayout::expandingDirections(void)const " (__imp_?expandingDirections@QBoxLayout@@UEBA?AV?$QFlags@W4Orientation@Qt@@@@XZ)
qribbongroup.obj : error LNK2001: unresolved external symbol "__declspec(dllimport) public: virtual int __cdecl QBoxLayout::minimumHeightForWidth(int)const " (__imp_?minimumHeightForWidth@QBoxLayout@@UEBAHH@Z)
qribbongroup.obj : error LNK2001: unresolved external symbol "__declspec(dllimport) public: virtual int __cdecl QBoxLayout::heightForWidth(int)const " (__imp_?heightForWidth@QBoxLayout@@UEBAHH@Z)
qribbongroup.obj : error LNK2001: unresolved external symbol "__declspec(dllimport) public: virtual bool __cdecl QBoxLayout::hasHeightForWidth(void)const " (__imp_?hasHeightForWidth@QBoxLayout@@UEBA_NXZ)
qribbongroup.obj : error LNK2001: unresolved external symbol "__declspec(dllimport) public: virtual class QSize __cdecl QBoxLayout::maximumSize(void)const " (__imp_?maximumSize@QBoxLayout@@UEBA?AVQSize@@XZ)
qribbongroup.obj : error LNK2001: unresolved external symbol "__declspec(dllimport) public: virtual class QSize __cdecl QBoxLayout::minimumSize(void)const " (__imp_?minimumSize@QBoxLayout@@UEBA?AVQSize@@XZ)
qribbongroup.obj : error LNK2001: unresolved external symbol "__declspec(dllimport) public: virtual class QSize __cdecl QBoxLayout::sizeHint(void)const " (__imp_?sizeHint@QBoxLayout@@UEBA?AVQSize@@XZ)
qribbongroup.obj : error LNK2001: unresolved external symbol "__declspec(dllimport) public: virtual void __cdecl QBoxLayout::addItem(class QLayoutItem *)" (__imp_?addItem@QBoxLayout@@UEAAXPEAVQLayoutItem@@@Z)
qribbongroup.obj : error LNK2001: unresolved external symbol "__declspec(dllimport) public: void __cdecl QBoxLayout::addLayout(class QLayout *,int)" (__imp_?addLayout@QBoxLayout@@QEAAXPEAVQLayout@@H@Z)
qribbongroup.obj : error LNK2001: unresolved external symbol "__declspec(dllimport) public: void __cdecl QBoxLayout::addWidget(class QWidget *,int,class QFlags<enum Qt::AlignmentFlag>)" (__imp_?addWidget@QBoxLayout@@QEAAXPEAVQWidget@@HV?$QFlags@W4AlignmentFlag@Qt@@@@@Z)
qribbongroup.obj : error LNK2001: unresolved external symbol "__declspec(dllimport) public: void __cdecl QBoxLayout::addStretch(int)" (__imp_?addStretch@QBoxLayout@@QEAAXH@Z)
qribbongroup.obj : error LNK2001: unresolved external symbol "__declspec(dllimport) protected: virtual void __cdecl QGridLayout::addItem(class QLayoutItem *)" (__imp_?addItem@QGridLayout@@MEAAXPEAVQLayoutItem@@@Z)
qribbongroup.obj : error LNK2001: unresolved external symbol "__declspec(dllimport) public: virtual void __cdecl QGridLayout::setGeometry(class QRect const &)" (__imp_?setGeometry@QGridLayout@@UEAAXAEBVQRect@@@Z)
qribbongroup.obj : error LNK2001: unresolved external symbol "__declspec(dllimport) public: virtual int __cdecl QGridLayout::count(void)const " (__imp_?count@QGridLayout@@UEBAHXZ)
qribbongroup.obj : error LNK2001: unresolved external symbol "__declspec(dllimport) public: virtual class QLayoutItem * __cdecl QGridLayout::takeAt(int)" (__imp_?takeAt@QGridLayout@@UEAAPEAVQLayoutItem@@H@Z)
qribbongroup.obj : error LNK2001: unresolved external symbol "__declspec(dllimport) public: virtual class QLayoutItem * __cdecl QGridLayout::itemAt(int)const " (__imp_?itemAt@QGridLayout@@UEBAPEAVQLayoutItem@@H@Z)
qribbongroup.obj : error LNK2001: unresolved external symbol "__declspec(dllimport) public: void __cdecl QGridLayout::addLayout(class QLayout *,int,int,class QFlags<enum Qt::AlignmentFlag>)" (__imp_?addLayout@QGridLayout@@QEAAXPEAVQLayout@@HHV?$QFlags@W4AlignmentFlag@Qt@@@@@Z)
qribbongroup.obj : error LNK2001: unresolved external symbol "__declspec(dllimport) public: void __cdecl QGridLayout::addLayout(class QLayout *,int,int,int,int,class QFlags<enum Qt::AlignmentFlag>)" (__imp_?addLayout@QGridLayout@@QEAAXPEAVQLayout@@HHHHV?$QFlags@W4AlignmentFlag@Qt@@@@@Z)
qribbongroup.obj : error LNK2001: unresolved external symbol "__declspec(dllimport) public: virtual void __cdecl QGridLayout::invalidate(void)" (__imp_?invalidate@QGridLayout@@UEAAXXZ)
qribbongroup.obj : error LNK2001: unresolved external symbol "__declspec(dllimport) public: virtual class QFlags<enum Qt::Orientation> __cdecl QGridLayout::expandingDirections(void)const " (__imp_?expandingDirections@QGridLayout@@UEBA?AV?$QFlags@W4Orientation@Qt@@@@XZ)
qribbongroup.obj : error LNK2001: unresolved external symbol "__declspec(dllimport) public: virtual int __cdecl QGridLayout::minimumHeightForWidth(int)const " (__imp_?minimumHeightForWidth@QGridLayout@@UEBAHH@Z)
qribbongroup.obj : error LNK2001: unresolved external symbol "__declspec(dllimport) public: virtual int __cdecl QGridLayout::heightForWidth(int)const " (__imp_?heightForWidth@QGridLayout@@UEBAHH@Z)
qribbongroup.obj : error LNK2001: unresolved external symbol "__declspec(dllimport) public: virtual bool __cdecl QGridLayout::hasHeightForWidth(void)const " (__imp_?hasHeightForWidth@QGridLayout@@UEBA_NXZ)
qribbongroup.obj : error LNK2001: unresolved external symbol "__declspec(dllimport) public: virtual class QSize __cdecl QGridLayout::maximumSize(void)const " (__imp_?maximumSize@QGridLayout@@UEBA?AVQSize@@XZ)
qribbongroup.obj : error LNK2001: unresolved external symbol "__declspec(dllimport) public: virtual class QSize __cdecl QGridLayout::minimumSize(void)const " (__imp_?minimumSize@QGridLayout@@UEBA?AVQSize@@XZ)
qribbongroup.obj : error LNK2001: unresolved external symbol "__declspec(dllimport) public: virtual class QSize __cdecl QGridLayout::sizeHint(void)const " (__imp_?sizeHint@QGridLayout@@UEBA?AVQSize@@XZ)
qribbongroup.obj : error LNK2001: unresolved external symbol "__declspec(dllimport) public: virtual __cdecl QGridLayout::~QGridLayout(void)" (__imp_??1QGridLayout@@UEAA@XZ)
qribbongroup.obj : error LNK2001: unresolved external symbol "__declspec(dllimport) public: __cdecl QGridLayout::QGridLayout(void)" (__imp_??0QGridLayout@@QEAA@XZ)
qribbongroup.obj : error LNK2001: unresolved external symbol "__declspec(dllimport) public: virtual int __cdecl QGridLayout::qt_metacall(enum QMetaObject::Call,int,void * *)" (__imp_?qt_metacall@QGridLayout@@UEAAHW4Call@QMetaObject@@HPEAPEAX@Z)
qribbongroup.obj : error LNK2001: unresolved external symbol "__declspec(dllimport) public: virtual void * __cdecl QGridLayout::qt_metacast(char const *)" (__imp_?qt_metacast@QGridLayout@@UEAAPEAXPEBD@Z)
qribbongroup.obj : error LNK2001: unresolved external symbol "__declspec(dllimport) public: virtual struct QMetaObject const * __cdecl QGridLayout::metaObject(void)const " (__imp_?metaObject@QGridLayout@@UEBAPEBUQMetaObject@@XZ)
qribbongroup.obj : error LNK2001: unresolved external symbol "__declspec(dllimport) public: virtual bool __cdecl QObject::event(class QEvent *)" (__imp_?event@QObject@@UEAA_NPEAVQEvent@@@Z)
qribbongroup.obj : error LNK2001: unresolved external symbol "__declspec(dllimport) public: virtual class QSpacerItem * __cdecl QLayoutItem::spacerItem(void)" (__imp_?spacerItem@QLayoutItem@@UEAAPEAVQSpacerItem@@XZ)
qribbongroup.obj : error LNK2001: unresolved external symbol "__declspec(dllimport) public: virtual class QWidget * __cdecl QLayoutItem::widget(void)" (__imp_?widget@QLayoutItem@@UEAAPEAVQWidget@@XZ)
qribbongroup.obj : error LNK2001: unresolved external symbol "__declspec(dllimport) protected: virtual void __cdecl QLayout::childEvent(class QChildEvent *)" (__imp_?childEvent@QLayout@@MEAAXPEAVQChildEvent@@@Z)
qribbongroup.obj : error LNK2001: unresolved external symbol "__declspec(dllimport) public: virtual class QLayout * __cdecl QLayout::layout(void)" (__imp_?layout@QLayout@@UEAAPEAV1@XZ)
qribbongroup.obj : error LNK2001: unresolved external symbol "__declspec(dllimport) public: virtual class QFlags<enum QSizePolicy::ControlType> __cdecl QLayout::controlTypes(void)const " (__imp_?controlTypes@QLayout@@UEBA?AV?$QFlags@W4ControlType@QSizePolicy@@@@XZ)
qribbongroup.obj : error LNK2001: unresolved external symbol "__declspec(dllimport) public: virtual bool __cdecl QLayout::isEmpty(void)const " (__imp_?isEmpty@QLayout@@UEBA_NXZ)
qribbongroup.obj : error LNK2001: unresolved external symbol "__declspec(dllimport) public: virtual int __cdecl QLayout::indexOf(class QWidget *)const " (__imp_?indexOf@QLayout@@UEBAHPEAVQWidget@@@Z)
qribbongroup.obj : error LNK2001: unresolved external symbol "__declspec(dllimport) public: virtual class QRect __cdecl QLayout::geometry(void)const " (__imp_?geometry@QLayout@@UEBA?AVQRect@@XZ)
qribbongroup.obj : error LNK2001: unresolved external symbol "__declspec(dllimport) public: void __cdecl QLayout::setContentsMargins(int,int,int,int)" (__imp_?setContentsMargins@QLayout@@QEAAXHHHH@Z)
qribbongroup.obj : error LNK2001: unresolved external symbol "__declspec(dllimport) protected: virtual void __cdecl QFrame::changeEvent(class QEvent *)" (__imp_?changeEvent@QFrame@@MEAAXPEAVQEvent@@@Z)
qribbongroup.obj : error LNK2001: unresolved external symbol "__declspec(dllimport) protected: virtual void __cdecl QFrame::paintEvent(class QPaintEvent *)" (__imp_?paintEvent@QFrame@@MEAAXPEAVQPaintEvent@@@Z)
qribbongroup.obj : error LNK2001: unresolved external symbol "__declspec(dllimport) protected: virtual bool __cdecl QFrame::event(class QEvent *)" (__imp_?event@QFrame@@MEAA_NPEAVQEvent@@@Z)
qribbongroup.obj : error LNK2001: unresolved external symbol "__declspec(dllimport) public: void __cdecl QFrame::setMidLineWidth(int)" (__imp_?setMidLineWidth@QFrame@@QEAAXH@Z)
qribbongroup.obj : error LNK2001: unresolved external symbol "__declspec(dllimport) public: void __cdecl QFrame::setLineWidth(int)" (__imp_?setLineWidth@QFrame@@QEAAXH@Z)
qribbongroup.obj : error LNK2001: unresolved external symbol "__declspec(dllimport) public: void __cdecl QFrame::setFrameShadow(enum QFrame::Shadow)" (__imp_?setFrameShadow@QFrame@@QEAAXW4Shadow@1@@Z)
qribbongroup.obj : error LNK2001: unresolved external symbol "__declspec(dllimport) public: void __cdecl QFrame::setFrameShape(enum QFrame::Shape)" (__imp_?setFrameShape@QFrame@@QEAAXW4Shape@1@@Z)
qribbongroup.obj : error LNK2001: unresolved external symbol "__declspec(dllimport) public: virtual class QSize __cdecl QFrame::sizeHint(void)const " (__imp_?sizeHint@QFrame@@UEBA?AVQSize@@XZ)
qribbongroup.obj : error LNK2001: unresolved external symbol "__declspec(dllimport) public: virtual __cdecl QFrame::~QFrame(void)" (__imp_??1QFrame@@UEAA@XZ)
qribbongroup.obj : error LNK2001: unresolved external symbol "__declspec(dllimport) public: __cdecl QFrame::QFrame(class QWidget *,class QFlags<enum Qt::WindowType>)" (__imp_??0QFrame@@QEAA@PEAVQWidget@@V?$QFlags@W4WindowType@Qt@@@@@Z)
qribbongroup.obj : error LNK2001: unresolved external symbol "__declspec(dllimport) public: virtual int __cdecl QFrame::qt_metacall(enum QMetaObject::Call,int,void * *)" (__imp_?qt_metacall@QFrame@@UEAAHW4Call@QMetaObject@@HPEAPEAX@Z)
qribbongroup.obj : error LNK2001: unresolved external symbol "__declspec(dllimport) public: virtual void * __cdecl QFrame::qt_metacast(char const *)" (__imp_?qt_metacast@QFrame@@UEAAPEAXPEBD@Z)
qribbongroup.obj : error LNK2001: unresolved external symbol "__declspec(dllimport) public: virtual struct QMetaObject const * __cdecl QFrame::metaObject(void)const " (__imp_?metaObject@QFrame@@UEBAPEBUQMetaObject@@XZ)
qribbongroup.obj : error LNK2001: unresolved external symbol "__declspec(dllimport) public: virtual __cdecl QHBoxLayout::~QHBoxLayout(void)" (__imp_??1QHBoxLayout@@UEAA@XZ)
qribbongroup.obj : error LNK2001: unresolved external symbol "__declspec(dllimport) public: __cdecl QHBoxLayout::QHBoxLayout(void)" (__imp_??0QHBoxLayout@@QEAA@XZ)
qribbongroup.obj : error LNK2001: unresolved external symbol "__declspec(dllimport) public: virtual int __cdecl QHBoxLayout::qt_metacall(enum QMetaObject::Call,int,void * *)" (__imp_?qt_metacall@QHBoxLayout@@UEAAHW4Call@QMetaObject@@HPEAPEAX@Z)
qribbongroup.obj : error LNK2001: unresolved external symbol "__declspec(dllimport) public: virtual void * __cdecl QHBoxLayout::qt_metacast(char const *)" (__imp_?qt_metacast@QHBoxLayout@@UEAAPEAXPEBD@Z)
qribbongroup.obj : error LNK2001: unresolved external symbol "__declspec(dllimport) public: virtual struct QMetaObject const * __cdecl QHBoxLayout::metaObject(void)const " (__imp_?metaObject@QHBoxLayout@@UEBAPEBUQMetaObject@@XZ)
qribbongroup.obj : error LNK2001: unresolved external symbol "public: virtual int __cdecl QRibbonGroup::qt_metacall(enum QMetaObject::Call,int,void * *)" (?qt_metacall@QRibbonGroup@@UEAAHW4Call@QMetaObject@@HPEAPEAX@Z)
qribbongroup.obj : error LNK2001: unresolved external symbol "public: virtual void * __cdecl QRibbonGroup::qt_metacast(char const *)" (?qt_metacast@QRibbonGroup@@UEAAPEAXPEBD@Z)
qribbongroup.obj : error LNK2001: unresolved external symbol "public: virtual struct QMetaObject const * __cdecl QRibbonGroup::metaObject(void)const " (?metaObject@QRibbonGroup@@UEBAPEBUQMetaObject@@XZ)
qribbongroup.obj : error LNK2001: unresolved external symbol "__declspec(dllimport) protected: virtual void __cdecl QWidget::changeEvent(class QEvent *)" (__imp_?changeEvent@QWidget@@MEAAXPEAVQEvent@@@Z)
qribbongroup.obj : error LNK2001: unresolved external symbol "__declspec(dllimport) protected: virtual void __cdecl QWidget::paintEvent(class QPaintEvent *)" (__imp_?paintEvent@QWidget@@MEAAXPEAVQPaintEvent@@@Z)
qribbongroup.obj : error LNK2001: unresolved external symbol "__declspec(dllimport) protected: virtual void __cdecl QWidget::keyPressEvent(class QKeyEvent *)" (__imp_?keyPressEvent@QWidget@@MEAAXPEAVQKeyEvent@@@Z)
qribbongroup.obj : error LNK2001: unresolved external symbol "__declspec(dllimport) protected: virtual bool __cdecl QWidget::event(class QEvent *)" (__imp_?event@QWidget@@MEAA_NPEAVQEvent@@@Z)
qribbongroup.obj : error LNK2001: unresolved external symbol "__declspec(dllimport) public: void __cdecl QWidget::setAutoFillBackground(bool)" (__imp_?setAutoFillBackground@QWidget@@QEAAX_N@Z)
qribbongroup.obj : error LNK2001: unresolved external symbol "__declspec(dllimport) public: void __cdecl QWidget::setLayout(class QLayout *)" (__imp_?setLayout@QWidget@@QEAAXPEAVQLayout@@@Z)
qribbongroup.obj : error LNK2001: unresolved external symbol "__declspec(dllimport) public: virtual class QSize __cdecl QWidget::minimumSizeHint(void)const " (__imp_?minimumSizeHint@QWidget@@UEBA?AVQSize@@XZ)
qribbongroup.obj : error LNK2001: unresolved external symbol "__declspec(dllimport) public: virtual class QSize __cdecl QWidget::sizeHint(void)const " (__imp_?sizeHint@QWidget@@UEBA?AVQSize@@XZ)
qribbongroup.obj : error LNK2001: unresolved external symbol "__declspec(dllimport) public: void __cdecl QWidget::setFixedSize(int,int)" (__imp_?setFixedSize@QWidget@@QEAAXHH@Z)
qribbongroup.obj : error LNK2001: unresolved external symbol "__declspec(dllimport) public: virtual __cdecl QWidget::~QWidget(void)" (__imp_??1QWidget@@UEAA@XZ)
qribbongroup.obj : error LNK2001: unresolved external symbol "__declspec(dllimport) public: __cdecl QWidget::QWidget(class QWidget *,class QFlags<enum Qt::WindowType>)" (__imp_??0QWidget@@QEAA@PEAV0@V?$QFlags@W4WindowType@Qt@@@@@Z)
qribbongroup.obj : error LNK2001: unresolved external symbol "__declspec(dllimport) protected: virtual bool __cdecl QLabel::focusNextPrevChild(bool)" (__imp_?focusNextPrevChild@QLabel@@MEAA_N_N@Z)
qribbongroup.obj : error LNK2001: unresolved external symbol "__declspec(dllimport) protected: virtual void __cdecl QLabel::focusOutEvent(class QFocusEvent *)" (__imp_?focusOutEvent@QLabel@@MEAAXPEAVQFocusEvent@@@Z)
qribbongroup.obj : error LNK2001: unresolved external symbol "__declspec(dllimport) protected: virtual void __cdecl QLabel::focusInEvent(class QFocusEvent *)" (__imp_?focusInEvent@QLabel@@MEAAXPEAVQFocusEvent@@@Z)
qribbongroup.obj : error LNK2001: unresolved external symbol "__declspec(dllimport) protected: virtual void __cdecl QLabel::contextMenuEvent(class QContextMenuEvent *)" (__imp_?contextMenuEvent@QLabel@@MEAAXPEAVQContextMenuEvent@@@Z)
qribbongroup.obj : error LNK2001: unresolved external symbol "__declspec(dllimport) protected: virtual void __cdecl QLabel::mouseReleaseEvent(class QMouseEvent *)" (__imp_?mouseReleaseEvent@QLabel@@MEAAXPEAVQMouseEvent@@@Z)
qribbongroup.obj : error LNK2001: unresolved external symbol "__declspec(dllimport) protected: virtual void __cdecl QLabel::mouseMoveEvent(class QMouseEvent *)" (__imp_?mouseMoveEvent@QLabel@@MEAAXPEAVQMouseEvent@@@Z)
qribbongroup.obj : error LNK2001: unresolved external symbol "__declspec(dllimport) protected: virtual void __cdecl QLabel::mousePressEvent(class QMouseEvent *)" (__imp_?mousePressEvent@QLabel@@MEAAXPEAVQMouseEvent@@@Z)
qribbongroup.obj : error LNK2001: unresolved external symbol "__declspec(dllimport) protected: virtual void __cdecl QLabel::changeEvent(class QEvent *)" (__imp_?changeEvent@QLabel@@MEAAXPEAVQEvent@@@Z)
qribbongroup.obj : error LNK2001: unresolved external symbol "__declspec(dllimport) protected: virtual void __cdecl QLabel::paintEvent(class QPaintEvent *)" (__imp_?paintEvent@QLabel@@MEAAXPEAVQPaintEvent@@@Z)
qribbongroup.obj : error LNK2001: unresolved external symbol "__declspec(dllimport) protected: virtual void __cdecl QLabel::keyPressEvent(class QKeyEvent *)" (__imp_?keyPressEvent@QLabel@@MEAAXPEAVQKeyEvent@@@Z)
qribbongroup.obj : error LNK2001: unresolved external symbol "__declspec(dllimport) protected: virtual bool __cdecl QLabel::event(class QEvent *)" (__imp_?event@QLabel@@MEAA_NPEAVQEvent@@@Z)
qribbongroup.obj : error LNK2001: unresolved external symbol "__declspec(dllimport) public: void __cdecl QLabel::setText(class QString const &)" (__imp_?setText@QLabel@@QEAAXAEBVQString@@@Z)
qribbongroup.obj : error LNK2001: unresolved external symbol "__declspec(dllimport) public: virtual int __cdecl QLabel::heightForWidth(int)const " (__imp_?heightForWidth@QLabel@@UEBAHH@Z)
qribbongroup.obj : error LNK2001: unresolved external symbol "__declspec(dllimport) public: virtual class QSize __cdecl QLabel::minimumSizeHint(void)const " (__imp_?minimumSizeHint@QLabel@@UEBA?AVQSize@@XZ)
qribbongroup.obj : error LNK2001: unresolved external symbol "__declspec(dllimport) public: virtual class QSize __cdecl QLabel::sizeHint(void)const " (__imp_?sizeHint@QLabel@@UEBA?AVQSize@@XZ)
qribbongroup.obj : error LNK2001: unresolved external symbol "__declspec(dllimport) public: class QString __cdecl QLabel::text(void)const " (__imp_?text@QLabel@@QEBA?AVQString@@XZ)
qribbongroup.obj : error LNK2001: unresolved external symbol "__declspec(dllimport) public: virtual __cdecl QLabel::~QLabel(void)" (__imp_??1QLabel@@UEAA@XZ)
qribbongroup.obj : error LNK2001: unresolved external symbol "__declspec(dllimport) public: __cdecl QLabel::QLabel(class QWidget *,class QFlags<enum Qt::WindowType>)" (__imp_??0QLabel@@QEAA@PEAVQWidget@@V?$QFlags@W4WindowType@Qt@@@@@Z)
qribbongroup.obj : error LNK2001: unresolved external symbol "__declspec(dllimport) public: __cdecl QLabel::QLabel(class QString const &,class QWidget *,class QFlags<enum Qt::WindowType>)" (__imp_??0QLabel@@QEAA@AEBVQString@@PEAVQWidget@@V?$QFlags@W4WindowType@Qt@@@@@Z)
qribbongroup.obj : error LNK2001: unresolved external symbol "__declspec(dllimport) public: virtual int __cdecl QLabel::qt_metacall(enum QMetaObject::Call,int,void * *)" (__imp_?qt_metacall@QLabel@@UEAAHW4Call@QMetaObject@@HPEAPEAX@Z)
qribbongroup.obj : error LNK2001: unresolved external symbol "__declspec(dllimport) public: virtual void * __cdecl QLabel::qt_metacast(char const *)" (__imp_?qt_metacast@QLabel@@UEAAPEAXPEBD@Z)
qribbongroup.obj : error LNK2001: unresolved external symbol "__declspec(dllimport) public: virtual struct QMetaObject const * __cdecl QLabel::metaObject(void)const " (__imp_?metaObject@QLabel@@UEBAPEBUQMetaObject@@XZ)
qribbongroup.obj : error LNK2001: unresolved external symbol "__declspec(dllimport) public: void __cdecl QGridLayout::addWidget(class QWidget *)" (__imp_?addWidget@QGridLayout@@QEAAXPEAVQWidget@@@Z)
qribbonwidget.obj : error LNK2001: unresolved external symbol "__declspec(dllimport) public: void __cdecl QBoxLayout::setSpacing(int)" (__imp_?setSpacing@QBoxLayout@@QEAAXH@Z)
qribbonwidget.obj : error LNK2001: unresolved external symbol "__declspec(dllimport) public: void __cdecl QBoxLayout::insertWidget(int,class QWidget *,int,class QFlags<enum Qt::AlignmentFlag>)" (__imp_?insertWidget@QBoxLayout@@QEAAXHPEAVQWidget@@HV?$QFlags@W4AlignmentFlag@Qt@@@@@Z)
qribbonwidget.obj : error LNK2001: unresolved external symbol "__declspec(dllimport) void __cdecl qt_assert_x(char const *,char const *,char const *,int)" (__imp_?qt_assert_x@@YAXPEBD00H@Z)
qribbonwidget.obj : error LNK2001: unresolved external symbol "__declspec(dllimport) public: void __cdecl QLayout::removeWidget(class QWidget *)" (__imp_?removeWidget@QLayout@@QEAAXPEAVQWidget@@@Z)
qribbonwidget.obj : error LNK2001: unresolved external symbol "__declspec(dllimport) public: void __cdecl QLayout::setMargin(int)" (__imp_?setMargin@QLayout@@QEAAXH@Z)
qribbonwidget.obj : error LNK2001: unresolved external symbol "__declspec(dllimport) void __cdecl qt_assert(char const *,char const *,int)" (__imp_?qt_assert@@YAXPEBD0H@Z)
qribbonwidget.obj : error LNK2001: unresolved external symbol "public: virtual int __cdecl QRibbonWidget::qt_metacall(enum QMetaObject::Call,int,void * *)" (?qt_metacall@QRibbonWidget@@UEAAHW4Call@QMetaObject@@HPEAPEAX@Z)
qribbonwidget.obj : error LNK2001: unresolved external symbol "public: virtual void * __cdecl QRibbonWidget::qt_metacast(char const *)" (?qt_metacast@QRibbonWidget@@UEAAPEAXPEBD@Z)
qribbonwidget.obj : error LNK2001: unresolved external symbol "public: virtual struct QMetaObject const * __cdecl QRibbonWidget::metaObject(void)const " (?metaObject@QRibbonWidget@@UEBAPEBUQMetaObject@@XZ)
qribbonwidget.obj : error LNK2001: unresolved external symbol "__declspec(dllimport) void __cdecl qBadAlloc(void)" (__imp_?qBadAlloc@@YAXXZ)
qribbonwidget.obj : error LNK2001: unresolved external symbol "__declspec(dllimport) public: static void __cdecl QArrayData::deallocate(struct QArrayData *,unsigned __int64,unsigned __int64)" (__imp_?deallocate@QArrayData@@SAXPEAU1@_K1@Z)
qribbonwidget.obj : error LNK2001: unresolved external symbol "__declspec(dllimport) public: static struct QArrayData * __cdecl QArrayData::allocate(unsigned __int64,unsigned __int64,unsigned __int64,class QFlags<enum QArrayData::AllocationOption>)" (__imp_?allocate@QArrayData@@SAPEAU1@_K00V?$QFlags@W4AllocationOption@QArrayData@@@@@Z)
qribbonwidget.obj : error LNK2001: unresolved external symbol "__declspec(dllimport) public: static struct QArrayData * __cdecl QArrayData::sharedNull(void)" (__imp_?sharedNull@QArrayData@@SAPEAU1@XZ)
qribbonwidget.obj : error LNK2001: unresolved external symbol "__declspec(dllimport) public: void * __cdecl QArrayData::data(void)" (__imp_?data@QArrayData@@QEAAPEAXXZ)
C:\Users\elen\Desktop\my_projects\3D_ic_modeling\src\QRibbon\x64\Release\QRibbon.exe : fatal error LNK1120: 216 unresolved externals
