c:\users\elen\desktop\my_projects\3d_ic_modeling\src\qribbon\debug\vc141.pdb
c:\users\elen\desktop\my_projects\3d_ic_modeling\src\qribbon\debug\vc141.idb
c:\users\elen\desktop\my_projects\3d_ic_modeling\src\qribbon\debug\moc_qribbonwidget.obj
c:\users\elen\desktop\my_projects\3d_ic_modeling\src\qribbon\debug\moc_qribbongroup.obj
c:\users\elen\desktop\my_projects\3d_ic_modeling\src\qribbon\debug\moc_qribbon.obj
c:\users\elen\desktop\my_projects\3d_ic_modeling\src\qribbon\debug\qribbonwidget.obj
c:\users\elen\desktop\my_projects\3d_ic_modeling\src\qribbon\debug\qribbongroup.obj
c:\users\elen\desktop\my_projects\3d_ic_modeling\src\qribbon\debug\qribbon.obj
c:\users\elen\desktop\my_projects\3d_ic_modeling\src\qribbon\debug\qcustombutton.obj
c:\users\elen\desktop\my_projects\3d_ic_modeling\src\qribbon\debug\main.obj
c:\users\elen\desktop\my_projects\3d_ic_modeling\src\qribbon\generatedfiles\debug\moc_qribbon.cpp
c:\users\elen\desktop\my_projects\3d_ic_modeling\src\qribbon\generatedfiles\debug\moc_qribbongroup.cpp
c:\users\elen\desktop\my_projects\3d_ic_modeling\src\qribbon\generatedfiles\debug\moc_qribbonwidget.cpp
c:\users\elen\desktop\my_projects\3d_ic_modeling\src\qribbon\x64\debug\qribbon.ilk
c:\users\elen\desktop\my_projects\3d_ic_modeling\src\qribbon\x64\debug\qribbon.dll
c:\users\elen\desktop\my_projects\3d_ic_modeling\src\qribbon\x64\debug\qribbon.pdb
c:\users\elen\desktop\my_projects\3d_ic_modeling\src\qribbon\debug\qribbon.tlog\cl.command.1.tlog
c:\users\elen\desktop\my_projects\3d_ic_modeling\src\qribbon\debug\qribbon.tlog\cl.read.1.tlog
c:\users\elen\desktop\my_projects\3d_ic_modeling\src\qribbon\debug\qribbon.tlog\cl.write.1.tlog
c:\users\elen\desktop\my_projects\3d_ic_modeling\src\qribbon\debug\qribbon.tlog\custombuild.command.1.tlog
c:\users\elen\desktop\my_projects\3d_ic_modeling\src\qribbon\debug\qribbon.tlog\custombuild.read.1.tlog
c:\users\elen\desktop\my_projects\3d_ic_modeling\src\qribbon\debug\qribbon.tlog\custombuild.write.1.tlog
c:\users\elen\desktop\my_projects\3d_ic_modeling\src\qribbon\debug\qribbon.tlog\link-cvtres.read.1.tlog
c:\users\elen\desktop\my_projects\3d_ic_modeling\src\qribbon\debug\qribbon.tlog\link-cvtres.write.1.tlog
c:\users\elen\desktop\my_projects\3d_ic_modeling\src\qribbon\debug\qribbon.tlog\link-rc.read.1.tlog
c:\users\elen\desktop\my_projects\3d_ic_modeling\src\qribbon\debug\qribbon.tlog\link-rc.write.1.tlog
c:\users\elen\desktop\my_projects\3d_ic_modeling\src\qribbon\debug\qribbon.tlog\link.command.1.tlog
c:\users\elen\desktop\my_projects\3d_ic_modeling\src\qribbon\debug\qribbon.tlog\link.read.1.tlog
c:\users\elen\desktop\my_projects\3d_ic_modeling\src\qribbon\debug\qribbon.tlog\link.write.1.tlog
